{
  "RSpec": {
    "coverage": {
      "/Users/sliu/code/sliubbb/app/models/user.rb": {
        "lines": [
          null,
          null,
          null,
          null,
          null,
          null,
          null,
          null,
          null,
          null,
          null,
          null,
          null,
          1,
          1,
          1,
          null,
          1,
          1,
          null,
          null
        ],
        "branches": {
        }
      }
    },
    "timestamp": 1599351195
  }
}
